<?xml version="1.0" encoding="UTF-8"?>
<!-- Generated by org.testng.reporters.JUnitReportReporter -->
<testsuite hostname="CRC-LP-10" failures="0" tests="5" name="com.CRC_Base.Main_CRC" time="675.126" errors="0" timestamp="2021-01-11T18:14:38 IST" skipped="0">
  <testcase classname="com.CRC_Base.Main_CRC" name="HomePage" time="38.842"/>
  <system-out/>
  <testcase classname="com.CRC_Base.Main_CRC" name="Importing_IdentityIqReport" time="192.009"/>
  <system-out/>
  <testcase classname="com.CRC_Base.Main_CRC" name="Importing_SmartCredit" time="182.976"/>
  <system-out/>
  <testcase classname="com.CRC_Base.Main_CRC" name="Importing_PrivacyGuard" time="171.677"/>
  <system-out/>
  <testcase classname="com.CRC_Base.Main_CRC" name="Importing_MyfreeScoreNow" time="89.622"/>
  <system-out/>
</testsuite> <!-- com.CRC_Base.Main_CRC -->
