<?xml version="1.0" encoding="UTF-8"?>
<!-- Generated by org.testng.reporters.JUnitReportReporter -->
<testsuite hostname="CRC-LP-10" failures="0" tests="4" name="com.CRC_Base.Main_CRC" time="487.434" errors="0" timestamp="2021-01-09T21:17:38 IST" skipped="0">
  <testcase classname="com.CRC_Base.Main_CRC" name="HomePage" time="27.055"/>
  <system-out/>
  <testcase classname="com.CRC_Base.Main_CRC" name="Importing_IdentityIqReport" time="158.735"/>
  <system-out/>
  <testcase classname="com.CRC_Base.Main_CRC" name="Importing_SmartCredit" time="152.922"/>
  <system-out/>
  <testcase classname="com.CRC_Base.Main_CRC" name="Importing_PrivacyGuard" time="148.722"/>
  <system-out/>
</testsuite> <!-- com.CRC_Base.Main_CRC -->
